<?xml version="1.0" encoding="UTF-8"?>
<!-- Generated by org.testng.reporters.JUnitXMLReporter -->
<testsuite ignored="0" hostname="shubhams-MacBook-Air.local" failures="0" tests="3" name="untitled" time="0.05" errors="0" timestamp="2023-07-03T15:13:19 IST">
  <testcase classname="org.example.TestCases" name="SecondTest" time="0.004"/>
  <testcase classname="org.example.TestCases" name="setup" time="0.0"/>
  <testcase classname="org.example.TestCases" name="FinalTest" time="0.001"/>
</testsuite> <!-- untitled -->
